[04:39:54] [ServerMain/INFO]: [bootstrap] Running Java 21 (OpenJDK 64-Bit Server VM 21.0.6+7-Ubuntu-120.04.1; Ubuntu null) on Linux 6.8.0-1021-azure (amd64)
[04:39:54] [ServerMain/INFO]: [bootstrap] Loading Paper 1.21.1-57-master@b483da4 (2024-09-01T18:09:05Z) for Minecraft 1.21.1
[04:39:55] [ServerMain/INFO]: [PluginInitializerManager] Initializing plugins...
[04:39:55] [ServerMain/INFO]: [PluginInitializerManager] Initialized 0 plugins
[04:39:55] [Paper Plugin Remapper Thread - 1/INFO]: [ReobfServer] Remapping server...
[04:40:08] [ServerMain/INFO]: Environment: Environment[sessionHost=https://sessionserver.mojang.com, servicesHost=https://api.minecraftservices.com, name=PROD]
[04:40:09] [ServerMain/INFO]: Found new data pack file/bukkit, loading it automatically
[04:40:09] [ServerMain/INFO]: Found new data pack paper, loading it automatically
[04:40:11] [ServerMain/INFO]: No existing world data, creating new world
[04:40:11] [Paper Plugin Remapper Thread - 1/INFO]: [ReobfServer] Done remapping server in 16143ms.
[04:40:12] [ServerMain/INFO]: Loaded 1290 recipes
[04:40:13] [ServerMain/INFO]: Loaded 1399 advancements
[04:40:13] [Server thread/INFO]: Starting minecraft server version 1.21.1
[04:40:13] [Server thread/INFO]: Loading properties
[04:40:13] [Server thread/INFO]: This server is running Paper version 1.21.1-57-master@b483da4 (2024-09-01T18:09:05Z) (Implementing API version 1.21.1-R0.1-SNAPSHOT)
[04:40:14] [Server thread/INFO]: [spark] This server bundles the spark profiler. For more information please visit https://docs.papermc.io/paper/profiling
[04:40:15] [Server thread/INFO]: Using 4 threads for Netty based IO
[04:40:15] [Server thread/INFO]: Server Ping Player Sample Count: 12
[04:40:16] [Server thread/INFO]: [ChunkTaskScheduler] Chunk system is using 1 I/O threads, 1 worker threads, and population gen parallelism of 1 threads
[04:40:16] [Server thread/INFO]: Default game type: SURVIVAL
[04:40:16] [Server thread/INFO]: Generating keypair
[04:40:16] [Server thread/INFO]: Starting Minecraft server on *:25565
[04:40:16] [Server thread/INFO]: Using epoll channel type
[04:40:16] [Server thread/INFO]: Paper: Using libdeflate (Linux x86_64) compression from Velocity.
[04:40:16] [Server thread/INFO]: Paper: Using OpenSSL 1.1.x (Linux x86_64) cipher from Velocity.
[04:40:16] [Server thread/WARN]: **** SERVER IS RUNNING IN OFFLINE/INSECURE MODE!
[04:40:16] [Server thread/WARN]: The server will make no attempt to authenticate usernames. Beware.
[04:40:16] [Server thread/WARN]: While this makes the game possible to play without internet access, it also opens up the ability for hackers to connect with any username they choose.
[04:40:16] [Server thread/WARN]: To change this, set "online-mode" to "true" in the server.properties file.
[04:40:16] [Server thread/INFO]: Preparing level "world"
[04:40:36] [Server thread/INFO]: Preparing start region for dimension minecraft:overworld
[04:40:46] [Server thread/INFO]: Time elapsed: 10471 ms
[04:40:46] [Server thread/INFO]: Preparing start region for dimension minecraft:the_nether
[04:40:50] [Server thread/INFO]: Time elapsed: 3331 ms
[04:40:50] [Server thread/INFO]: Preparing start region for dimension minecraft:the_end
[04:40:51] [Server thread/INFO]: Time elapsed: 899 ms
[04:40:51] [Server thread/INFO]: [spark] Starting background profiler...
[04:40:51] [Server thread/INFO]: Done preparing level "world" (34.676s)
[04:40:51] [Server thread/INFO]: Running delayed init tasks
[04:40:51] [Server thread/INFO]: Done (58.183s)! For help, type "help"
[04:40:51] [Server thread/INFO]: *************************************************************************************
[04:40:51] [Server thread/INFO]: This is the first time you're starting this server.
[04:40:51] [Server thread/INFO]: It's recommended you read our 'Getting Started' documentation for guidance.
[04:40:51] [Server thread/INFO]: View this and more helpful information here: https://docs.papermc.io/paper/next-steps
[04:40:51] [Server thread/INFO]: *************************************************************************************
[04:40:51] [Server thread/INFO]: Timings Reset
[04:41:11] [User Authenticator #0/INFO]: UUID of player R0MDK is ed8eb3e8-50cc-3662-9704-7ca8df28152a
[04:41:14] [Server thread/INFO]: R0MDK joined the game
[04:41:14] [Server thread/INFO]: R0MDK[/127.47.189.243:59545] logged in with entity id 72 at ([world]-5.5, 67.0, -3.5)
[04:41:31] [User Authenticator #0/INFO]: UUID of player oOMiluOo is 860d4668-2df6-3277-acd4-2fe9b880388d
[04:41:35] [Server thread/INFO]: oOMiluOo joined the game
[04:41:35] [Server thread/INFO]: oOMiluOo[/127.136.140.67:36583] logged in with entity id 187 at ([world]2.5, 65.0, -8.5)
[04:42:48] [Server thread/INFO]: Stopping the server
[04:42:48] [Server thread/INFO]: Stopping server
[04:42:48] [Server thread/INFO]: Saving players
[04:42:48] [Server thread/INFO]: R0MDK lost connection: Server closed
[04:42:48] [Server thread/INFO]: R0MDK left the game
[04:42:48] [Server thread/INFO]: oOMiluOo lost connection: Server closed
[04:42:48] [Server thread/INFO]: oOMiluOo left the game
[04:42:48] [Server thread/INFO]: Saving worlds
[04:42:48] [Server thread/INFO]: Saving chunks for level 'ServerLevel[world]'/minecraft:overworld
[04:42:48] [Server thread/INFO]: [ChunkHolderManager] Waiting 60s for chunk system to halt for world 'world'
[04:42:48] [Server thread/INFO]: [ChunkHolderManager] Halted chunk system for world 'world'
[04:42:48] [Server thread/INFO]: [ChunkHolderManager] Saving all chunkholders for world 'world'
[04:42:52] [Server thread/INFO]: [ChunkHolderManager] Saved 2256 block chunks, 650 entity chunks, 17 poi chunks in world 'world' in 3.61s
[04:42:52] [Server thread/INFO]: Saving chunks for level 'ServerLevel[world_nether]'/minecraft:the_nether
[04:42:52] [Server thread/INFO]: [ChunkHolderManager] Waiting 60s for chunk system to halt for world 'world_nether'
[04:42:52] [Server thread/INFO]: [ChunkHolderManager] Halted chunk system for world 'world_nether'
[04:42:52] [Server thread/INFO]: [ChunkHolderManager] Saving all chunkholders for world 'world_nether'
[04:42:52] [Server thread/INFO]: [ChunkHolderManager] Saved 841 block chunks, 49 entity chunks, 0 poi chunks in world 'world_nether' in 0.82s
[04:42:52] [Server thread/INFO]: Saving chunks for level 'ServerLevel[world_the_end]'/minecraft:the_end
[04:42:52] [Server thread/INFO]: [ChunkHolderManager] Waiting 60s for chunk system to halt for world 'world_the_end'
[04:42:52] [Server thread/INFO]: [ChunkHolderManager] Halted chunk system for world 'world_the_end'
[04:42:52] [Server thread/INFO]: [ChunkHolderManager] Saving all chunkholders for world 'world_the_end'
[04:42:53] [Server thread/INFO]: [ChunkHolderManager] Saved 841 block chunks, 49 entity chunks, 0 poi chunks in world 'world_the_end' in 0.42s
[04:42:53] [Server thread/INFO]: ThreadedAnvilChunkStorage (world): All chunks are saved
[04:42:53] [Server thread/INFO]: ThreadedAnvilChunkStorage (DIM-1): All chunks are saved
[04:42:53] [Server thread/INFO]: ThreadedAnvilChunkStorage (DIM1): All chunks are saved
[04:42:53] [Server thread/INFO]: ThreadedAnvilChunkStorage: All dimensions are saved
